[0.008s] Invoking command in '/home/akkibez/Documents/ORION/orion_ws/build/orion_description': CMAKE_PREFIX_PATH=${CMAKE_PREFIX_PATH}:/opt/ros/jazzy DEBUGINFOD_URLS=https://debuginfod.ubuntu.com /usr/bin/cmake /home/akkibez/Documents/ORION/orion_ws/src/orion_description -DCMAKE_INSTALL_PREFIX=/home/akkibez/Documents/ORION/orion_ws/install/orion_description
[0.018s] -- Found ament_cmake: 2.5.5 (/opt/ros/jazzy/share/ament_cmake/cmake)
[0.168s] -- Override CMake install command with custom implementation using symlinks instead of copying resources
[0.174s] -- Found ament_lint_auto: 0.17.4 (/opt/ros/jazzy/share/ament_lint_auto/cmake)
[0.241s] -- Added test 'flake8' to check Python code syntax and style conventions
[0.241s] -- Configured 'flake8' exclude dirs and/or files: 
[0.241s] -- Added test 'lint_cmake' to check CMake code style
[0.242s] -- Added test 'pep257' to check Python code against some of the docstring style conventions in PEP 257
[0.243s] -- Added test 'xmllint' to check XML markup files
[0.244s] -- Configuring done (0.2s)
[0.246s] -- Generating done (0.0s)
[0.248s] -- Build files have been written to: /home/akkibez/Documents/ORION/orion_ws/build/orion_description
[0.250s] Invoked command in '/home/akkibez/Documents/ORION/orion_ws/build/orion_description' returned '0': CMAKE_PREFIX_PATH=${CMAKE_PREFIX_PATH}:/opt/ros/jazzy DEBUGINFOD_URLS=https://debuginfod.ubuntu.com /usr/bin/cmake /home/akkibez/Documents/ORION/orion_ws/src/orion_description -DCMAKE_INSTALL_PREFIX=/home/akkibez/Documents/ORION/orion_ws/install/orion_description
[0.251s] Invoking command in '/home/akkibez/Documents/ORION/orion_ws/build/orion_description': CMAKE_PREFIX_PATH=${CMAKE_PREFIX_PATH}:/opt/ros/jazzy DEBUGINFOD_URLS=https://debuginfod.ubuntu.com /usr/bin/cmake --build /home/akkibez/Documents/ORION/orion_ws/build/orion_description -- -j16 -l16
[0.283s] Invoked command in '/home/akkibez/Documents/ORION/orion_ws/build/orion_description' returned '0': CMAKE_PREFIX_PATH=${CMAKE_PREFIX_PATH}:/opt/ros/jazzy DEBUGINFOD_URLS=https://debuginfod.ubuntu.com /usr/bin/cmake --build /home/akkibez/Documents/ORION/orion_ws/build/orion_description -- -j16 -l16
[0.290s] Invoking command in '/home/akkibez/Documents/ORION/orion_ws/build/orion_description': CMAKE_PREFIX_PATH=${CMAKE_PREFIX_PATH}:/opt/ros/jazzy DEBUGINFOD_URLS=https://debuginfod.ubuntu.com /usr/bin/cmake --install /home/akkibez/Documents/ORION/orion_ws/build/orion_description
[0.296s] -- Install configuration: ""
[0.297s] -- Execute custom install script
[0.297s] -- Up-to-date symlink: /home/akkibez/Documents/ORION/orion_ws/install/orion_description/share/ament_index/resource_index/package_run_dependencies/orion_description
[0.297s] -- Up-to-date symlink: /home/akkibez/Documents/ORION/orion_ws/install/orion_description/share/ament_index/resource_index/parent_prefix_path/orion_description
[0.297s] -- Up-to-date symlink: /home/akkibez/Documents/ORION/orion_ws/install/orion_description/share/orion_description/environment/ament_prefix_path.sh
[0.297s] -- Up-to-date symlink: /home/akkibez/Documents/ORION/orion_ws/install/orion_description/share/orion_description/environment/ament_prefix_path.dsv
[0.297s] -- Up-to-date symlink: /home/akkibez/Documents/ORION/orion_ws/install/orion_description/share/orion_description/environment/path.sh
[0.297s] -- Up-to-date symlink: /home/akkibez/Documents/ORION/orion_ws/install/orion_description/share/orion_description/environment/path.dsv
[0.298s] -- Up-to-date symlink: /home/akkibez/Documents/ORION/orion_ws/install/orion_description/share/orion_description/local_setup.bash
[0.298s] -- Up-to-date symlink: /home/akkibez/Documents/ORION/orion_ws/install/orion_description/share/orion_description/local_setup.sh
[0.298s] -- Up-to-date symlink: /home/akkibez/Documents/ORION/orion_ws/install/orion_description/share/orion_description/local_setup.zsh
[0.298s] -- Up-to-date symlink: /home/akkibez/Documents/ORION/orion_ws/install/orion_description/share/orion_description/local_setup.dsv
[0.298s] -- Symlinking: /home/akkibez/Documents/ORION/orion_ws/install/orion_description/share/orion_description/package.dsv
[0.306s] -- Up-to-date symlink: /home/akkibez/Documents/ORION/orion_ws/install/orion_description/share/ament_index/resource_index/packages/orion_description
[0.306s] -- Up-to-date symlink: /home/akkibez/Documents/ORION/orion_ws/install/orion_description/share/orion_description/cmake/orion_descriptionConfig.cmake
[0.306s] -- Up-to-date symlink: /home/akkibez/Documents/ORION/orion_ws/install/orion_description/share/orion_description/cmake/orion_descriptionConfig-version.cmake
[0.306s] -- Up-to-date symlink: /home/akkibez/Documents/ORION/orion_ws/install/orion_description/share/orion_description/package.xml
[0.307s] -- Up-to-date symlink: /home/akkibez/Documents/ORION/orion_ws/install/orion_description/share/orion_description/urdf/orion.urdf
[0.307s] -- Up-to-date symlink: /home/akkibez/Documents/ORION/orion_ws/install/orion_description/share/orion_description/xacro/orion.xacro
[0.307s] -- Up-to-date symlink: /home/akkibez/Documents/ORION/orion_ws/install/orion_description/share/orion_description/launch/display.launch.py
[0.309s] Invoked command in '/home/akkibez/Documents/ORION/orion_ws/build/orion_description' returned '0': CMAKE_PREFIX_PATH=${CMAKE_PREFIX_PATH}:/opt/ros/jazzy DEBUGINFOD_URLS=https://debuginfod.ubuntu.com /usr/bin/cmake --install /home/akkibez/Documents/ORION/orion_ws/build/orion_description
