[0.007s] Invoking command in '/home/akkibez/ros2_ws/build/orion_description': CMAKE_PREFIX_PATH=${CMAKE_PREFIX_PATH}:/opt/ros/jazzy DEBUGINFOD_URLS=https://debuginfod.ubuntu.com /usr/bin/cmake /home/akkibez/ros2_ws/src/orion_description -DCMAKE_INSTALL_PREFIX=/home/akkibez/ros2_ws/install/orion_description
[0.178s] -- The C compiler identification is GNU 13.3.0
[0.312s] -- The CXX compiler identification is GNU 13.3.0
[0.331s] -- Detecting C compiler ABI info
[0.413s] -- Detecting C compiler ABI info - done
[0.419s] -- Check for working C compiler: /usr/bin/cc - skipped
[0.420s] -- Detecting C compile features
[0.420s] -- Detecting C compile features - done
[0.428s] -- Detecting CXX compiler ABI info
[0.506s] -- Detecting CXX compiler ABI info - done
[0.513s] -- Check for working CXX compiler: /usr/bin/c++ - skipped
[0.513s] -- Detecting CXX compile features
[0.514s] -- Detecting CXX compile features - done
[0.517s] -- Found ament_cmake: 2.5.5 (/opt/ros/jazzy/share/ament_cmake/cmake)
[0.625s] -- Found Python3: /usr/bin/python3 (found version "3.12.3") found components: Interpreter 
[0.724s] -- Found ament_lint_auto: 0.17.4 (/opt/ros/jazzy/share/ament_lint_auto/cmake)
[0.807s] -- Added test 'lint_cmake' to check CMake code style
[0.809s] -- Added test 'xmllint' to check XML markup files
[0.811s] -- Configuring done (0.8s)
[0.813s] -- Generating done (0.0s)
[0.815s] -- Build files have been written to: /home/akkibez/ros2_ws/build/orion_description
[0.820s] Invoked command in '/home/akkibez/ros2_ws/build/orion_description' returned '0': CMAKE_PREFIX_PATH=${CMAKE_PREFIX_PATH}:/opt/ros/jazzy DEBUGINFOD_URLS=https://debuginfod.ubuntu.com /usr/bin/cmake /home/akkibez/ros2_ws/src/orion_description -DCMAKE_INSTALL_PREFIX=/home/akkibez/ros2_ws/install/orion_description
[0.821s] Invoking command in '/home/akkibez/ros2_ws/build/orion_description': CMAKE_PREFIX_PATH=${CMAKE_PREFIX_PATH}:/opt/ros/jazzy DEBUGINFOD_URLS=https://debuginfod.ubuntu.com /usr/bin/cmake --build /home/akkibez/ros2_ws/build/orion_description -- -j16 -l16
[0.852s] Invoked command in '/home/akkibez/ros2_ws/build/orion_description' returned '0': CMAKE_PREFIX_PATH=${CMAKE_PREFIX_PATH}:/opt/ros/jazzy DEBUGINFOD_URLS=https://debuginfod.ubuntu.com /usr/bin/cmake --build /home/akkibez/ros2_ws/build/orion_description -- -j16 -l16
[0.860s] Invoking command in '/home/akkibez/ros2_ws/build/orion_description': CMAKE_PREFIX_PATH=${CMAKE_PREFIX_PATH}:/opt/ros/jazzy DEBUGINFOD_URLS=https://debuginfod.ubuntu.com /usr/bin/cmake --install /home/akkibez/ros2_ws/build/orion_description
[0.865s] -- Install configuration: ""
[0.865s] -- Installing: /home/akkibez/ros2_ws/install/orion_description/share/ament_index/resource_index/package_run_dependencies/orion_description
[0.866s] -- Installing: /home/akkibez/ros2_ws/install/orion_description/share/ament_index/resource_index/parent_prefix_path/orion_description
[0.866s] -- Installing: /home/akkibez/ros2_ws/install/orion_description/share/orion_description/environment/ament_prefix_path.sh
[0.866s] -- Installing: /home/akkibez/ros2_ws/install/orion_description/share/orion_description/environment/ament_prefix_path.dsv
[0.866s] -- Installing: /home/akkibez/ros2_ws/install/orion_description/share/orion_description/environment/path.sh
[0.866s] -- Installing: /home/akkibez/ros2_ws/install/orion_description/share/orion_description/environment/path.dsv
[0.867s] -- Installing: /home/akkibez/ros2_ws/install/orion_description/share/orion_description/local_setup.bash
[0.867s] -- Installing: /home/akkibez/ros2_ws/install/orion_description/share/orion_description/local_setup.sh
[0.867s] -- Installing: /home/akkibez/ros2_ws/install/orion_description/share/orion_description/local_setup.zsh
[0.867s] -- Installing: /home/akkibez/ros2_ws/install/orion_description/share/orion_description/local_setup.dsv
[0.867s] -- Installing: /home/akkibez/ros2_ws/install/orion_description/share/orion_description/package.dsv
[0.867s] -- Installing: /home/akkibez/ros2_ws/install/orion_description/share/ament_index/resource_index/packages/orion_description
[0.867s] -- Installing: /home/akkibez/ros2_ws/install/orion_description/share/orion_description/cmake/orion_descriptionConfig.cmake
[0.867s] -- Installing: /home/akkibez/ros2_ws/install/orion_description/share/orion_description/cmake/orion_descriptionConfig-version.cmake
[0.868s] -- Installing: /home/akkibez/ros2_ws/install/orion_description/share/orion_description/package.xml
[0.869s] Invoked command in '/home/akkibez/ros2_ws/build/orion_description' returned '0': CMAKE_PREFIX_PATH=${CMAKE_PREFIX_PATH}:/opt/ros/jazzy DEBUGINFOD_URLS=https://debuginfod.ubuntu.com /usr/bin/cmake --install /home/akkibez/ros2_ws/build/orion_description
