[0.008s] Invoking command in '/home/akkibez/ros2_ws/build/orion_description': CMAKE_PREFIX_PATH=${CMAKE_PREFIX_PATH}:/opt/ros/jazzy DEBUGINFOD_URLS=https://debuginfod.ubuntu.com /usr/bin/cmake --build /home/akkibez/ros2_ws/build/orion_description -- -j16 -l16
[0.038s] Invoked command in '/home/akkibez/ros2_ws/build/orion_description' returned '0': CMAKE_PREFIX_PATH=${CMAKE_PREFIX_PATH}:/opt/ros/jazzy DEBUGINFOD_URLS=https://debuginfod.ubuntu.com /usr/bin/cmake --build /home/akkibez/ros2_ws/build/orion_description -- -j16 -l16
[0.046s] Invoking command in '/home/akkibez/ros2_ws/build/orion_description': CMAKE_PREFIX_PATH=${CMAKE_PREFIX_PATH}:/opt/ros/jazzy DEBUGINFOD_URLS=https://debuginfod.ubuntu.com /usr/bin/cmake --install /home/akkibez/ros2_ws/build/orion_description
[0.053s] -- Install configuration: ""
[0.053s] -- Up-to-date: /home/akkibez/ros2_ws/install/orion_description/share/ament_index/resource_index/package_run_dependencies/orion_description
[0.053s] -- Up-to-date: /home/akkibez/ros2_ws/install/orion_description/share/ament_index/resource_index/parent_prefix_path/orion_description
[0.053s] -- Up-to-date: /home/akkibez/ros2_ws/install/orion_description/share/orion_description/environment/ament_prefix_path.sh
[0.053s] -- Up-to-date: /home/akkibez/ros2_ws/install/orion_description/share/orion_description/environment/ament_prefix_path.dsv
[0.053s] -- Up-to-date: /home/akkibez/ros2_ws/install/orion_description/share/orion_description/environment/path.sh
[0.053s] -- Up-to-date: /home/akkibez/ros2_ws/install/orion_description/share/orion_description/environment/path.dsv
[0.053s] -- Up-to-date: /home/akkibez/ros2_ws/install/orion_description/share/orion_description/local_setup.bash
[0.053s] -- Up-to-date: /home/akkibez/ros2_ws/install/orion_description/share/orion_description/local_setup.sh
[0.054s] -- Up-to-date: /home/akkibez/ros2_ws/install/orion_description/share/orion_description/local_setup.zsh
[0.054s] -- Up-to-date: /home/akkibez/ros2_ws/install/orion_description/share/orion_description/local_setup.dsv
[0.054s] -- Up-to-date: /home/akkibez/ros2_ws/install/orion_description/share/orion_description/package.dsv
[0.054s] -- Up-to-date: /home/akkibez/ros2_ws/install/orion_description/share/ament_index/resource_index/packages/orion_description
[0.054s] -- Up-to-date: /home/akkibez/ros2_ws/install/orion_description/share/orion_description/cmake/orion_descriptionConfig.cmake
[0.054s] -- Up-to-date: /home/akkibez/ros2_ws/install/orion_description/share/orion_description/cmake/orion_descriptionConfig-version.cmake
[0.054s] -- Up-to-date: /home/akkibez/ros2_ws/install/orion_description/share/orion_description/package.xml
[0.055s] Invoked command in '/home/akkibez/ros2_ws/build/orion_description' returned '0': CMAKE_PREFIX_PATH=${CMAKE_PREFIX_PATH}:/opt/ros/jazzy DEBUGINFOD_URLS=https://debuginfod.ubuntu.com /usr/bin/cmake --install /home/akkibez/ros2_ws/build/orion_description
