[0.007s] Invoking command in '/home/akkibez/Documents/ORION/orion_ws/build/orion_description': CMAKE_PREFIX_PATH=${CMAKE_PREFIX_PATH}:/opt/ros/jazzy DEBUGINFOD_URLS=https://debuginfod.ubuntu.com /usr/bin/cmake /home/akkibez/Documents/ORION/orion_ws/src/orion_description -DAMENT_CMAKE_SYMLINK_INSTALL=1 -DCMAKE_INSTALL_PREFIX=/home/akkibez/Documents/ORION/orion_ws/install/orion_description
[0.053s] -- The C compiler identification is GNU 13.3.0
[0.099s] -- The CXX compiler identification is GNU 13.3.0
[0.113s] -- Detecting C compiler ABI info
[0.185s] -- Detecting C compiler ABI info - done
[0.193s] -- Check for working C compiler: /usr/bin/cc - skipped
[0.193s] -- Detecting C compile features
[0.193s] -- Detecting C compile features - done
[0.201s] -- Detecting CXX compiler ABI info
[0.282s] -- Detecting CXX compiler ABI info - done
[0.290s] -- Check for working CXX compiler: /usr/bin/c++ - skipped
[0.290s] -- Detecting CXX compile features
[0.290s] -- Detecting CXX compile features - done
[0.292s] -- Found ament_cmake: 2.5.5 (/opt/ros/jazzy/share/ament_cmake/cmake)
[0.406s] -- Found Python3: /usr/bin/python3 (found version "3.12.3") found components: Interpreter 
[0.462s] -- Override CMake install command with custom implementation using symlinks instead of copying resources
[0.486s] -- Found ament_lint_auto: 0.17.4 (/opt/ros/jazzy/share/ament_lint_auto/cmake)
[0.566s] -- Added test 'flake8' to check Python code syntax and style conventions
[0.566s] -- Configured 'flake8' exclude dirs and/or files: 
[0.566s] -- Added test 'lint_cmake' to check CMake code style
[0.567s] -- Added test 'pep257' to check Python code against some of the docstring style conventions in PEP 257
[0.568s] -- Added test 'xmllint' to check XML markup files
[0.569s] -- Configuring done (0.6s)
[0.572s] -- Generating done (0.0s)
[0.574s] -- Build files have been written to: /home/akkibez/Documents/ORION/orion_ws/build/orion_description
[0.578s] Invoked command in '/home/akkibez/Documents/ORION/orion_ws/build/orion_description' returned '0': CMAKE_PREFIX_PATH=${CMAKE_PREFIX_PATH}:/opt/ros/jazzy DEBUGINFOD_URLS=https://debuginfod.ubuntu.com /usr/bin/cmake /home/akkibez/Documents/ORION/orion_ws/src/orion_description -DAMENT_CMAKE_SYMLINK_INSTALL=1 -DCMAKE_INSTALL_PREFIX=/home/akkibez/Documents/ORION/orion_ws/install/orion_description
[0.579s] Invoking command in '/home/akkibez/Documents/ORION/orion_ws/build/orion_description': CMAKE_PREFIX_PATH=${CMAKE_PREFIX_PATH}:/opt/ros/jazzy DEBUGINFOD_URLS=https://debuginfod.ubuntu.com /usr/bin/cmake --build /home/akkibez/Documents/ORION/orion_ws/build/orion_description -- -j16 -l16
[0.612s] Invoked command in '/home/akkibez/Documents/ORION/orion_ws/build/orion_description' returned '0': CMAKE_PREFIX_PATH=${CMAKE_PREFIX_PATH}:/opt/ros/jazzy DEBUGINFOD_URLS=https://debuginfod.ubuntu.com /usr/bin/cmake --build /home/akkibez/Documents/ORION/orion_ws/build/orion_description -- -j16 -l16
[0.620s] Invoking command in '/home/akkibez/Documents/ORION/orion_ws/build/orion_description': CMAKE_PREFIX_PATH=${CMAKE_PREFIX_PATH}:/opt/ros/jazzy DEBUGINFOD_URLS=https://debuginfod.ubuntu.com /usr/bin/cmake --install /home/akkibez/Documents/ORION/orion_ws/build/orion_description
[0.627s] -- Install configuration: ""
[0.627s] -- Execute custom install script
[0.627s] -- Symlinking: /home/akkibez/Documents/ORION/orion_ws/install/orion_description/share/ament_index/resource_index/package_run_dependencies/orion_description
[0.635s] -- Symlinking: /home/akkibez/Documents/ORION/orion_ws/install/orion_description/share/ament_index/resource_index/parent_prefix_path/orion_description
[0.643s] -- Symlinking: /home/akkibez/Documents/ORION/orion_ws/install/orion_description/share/orion_description/environment/ament_prefix_path.sh
[0.650s] -- Symlinking: /home/akkibez/Documents/ORION/orion_ws/install/orion_description/share/orion_description/environment/ament_prefix_path.dsv
[0.658s] -- Symlinking: /home/akkibez/Documents/ORION/orion_ws/install/orion_description/share/orion_description/environment/path.sh
[0.666s] -- Symlinking: /home/akkibez/Documents/ORION/orion_ws/install/orion_description/share/orion_description/environment/path.dsv
[0.673s] -- Symlinking: /home/akkibez/Documents/ORION/orion_ws/install/orion_description/share/orion_description/local_setup.bash
[0.681s] -- Symlinking: /home/akkibez/Documents/ORION/orion_ws/install/orion_description/share/orion_description/local_setup.sh
[0.688s] -- Symlinking: /home/akkibez/Documents/ORION/orion_ws/install/orion_description/share/orion_description/local_setup.zsh
[0.696s] -- Symlinking: /home/akkibez/Documents/ORION/orion_ws/install/orion_description/share/orion_description/local_setup.dsv
[0.704s] -- Symlinking: /home/akkibez/Documents/ORION/orion_ws/install/orion_description/share/orion_description/package.dsv
[0.713s] -- Symlinking: /home/akkibez/Documents/ORION/orion_ws/install/orion_description/share/ament_index/resource_index/packages/orion_description
[0.721s] -- Symlinking: /home/akkibez/Documents/ORION/orion_ws/install/orion_description/share/orion_description/cmake/orion_descriptionConfig.cmake
[0.729s] -- Symlinking: /home/akkibez/Documents/ORION/orion_ws/install/orion_description/share/orion_description/cmake/orion_descriptionConfig-version.cmake
[0.736s] -- Symlinking: /home/akkibez/Documents/ORION/orion_ws/install/orion_description/share/orion_description/package.xml
[0.744s] -- Symlinking: /home/akkibez/Documents/ORION/orion_ws/install/orion_description/share/orion_description/urdf/orion.urdf
[0.752s] -- Symlinking: /home/akkibez/Documents/ORION/orion_ws/install/orion_description/share/orion_description/xacro/orion.xacro
[0.760s] -- Symlinking: /home/akkibez/Documents/ORION/orion_ws/install/orion_description/share/orion_description/launch/display.launch.py
[0.769s] Invoked command in '/home/akkibez/Documents/ORION/orion_ws/build/orion_description' returned '0': CMAKE_PREFIX_PATH=${CMAKE_PREFIX_PATH}:/opt/ros/jazzy DEBUGINFOD_URLS=https://debuginfod.ubuntu.com /usr/bin/cmake --install /home/akkibez/Documents/ORION/orion_ws/build/orion_description
