[0.008s] Invoking command in '/home/akkibez/Documents/ORION/orion_ws/build/orion_description': CMAKE_PREFIX_PATH=${CMAKE_PREFIX_PATH}:/opt/ros/jazzy DEBUGINFOD_URLS=https://debuginfod.ubuntu.com /usr/bin/cmake --build /home/akkibez/Documents/ORION/orion_ws/build/orion_description -- -j16 -l16
[0.039s] Invoked command in '/home/akkibez/Documents/ORION/orion_ws/build/orion_description' returned '0': CMAKE_PREFIX_PATH=${CMAKE_PREFIX_PATH}:/opt/ros/jazzy DEBUGINFOD_URLS=https://debuginfod.ubuntu.com /usr/bin/cmake --build /home/akkibez/Documents/ORION/orion_ws/build/orion_description -- -j16 -l16
[0.047s] Invoking command in '/home/akkibez/Documents/ORION/orion_ws/build/orion_description': CMAKE_PREFIX_PATH=${CMAKE_PREFIX_PATH}:/opt/ros/jazzy DEBUGINFOD_URLS=https://debuginfod.ubuntu.com /usr/bin/cmake --install /home/akkibez/Documents/ORION/orion_ws/build/orion_description
[0.052s] -- Install configuration: ""
[0.052s] -- Execute custom install script
[0.053s] -- Up-to-date symlink: /home/akkibez/Documents/ORION/orion_ws/install/orion_description/share/ament_index/resource_index/package_run_dependencies/orion_description
[0.053s] -- Up-to-date symlink: /home/akkibez/Documents/ORION/orion_ws/install/orion_description/share/ament_index/resource_index/parent_prefix_path/orion_description
[0.053s] -- Up-to-date symlink: /home/akkibez/Documents/ORION/orion_ws/install/orion_description/share/orion_description/environment/ament_prefix_path.sh
[0.053s] -- Up-to-date symlink: /home/akkibez/Documents/ORION/orion_ws/install/orion_description/share/orion_description/environment/ament_prefix_path.dsv
[0.053s] -- Up-to-date symlink: /home/akkibez/Documents/ORION/orion_ws/install/orion_description/share/orion_description/environment/path.sh
[0.053s] -- Up-to-date symlink: /home/akkibez/Documents/ORION/orion_ws/install/orion_description/share/orion_description/environment/path.dsv
[0.053s] -- Up-to-date symlink: /home/akkibez/Documents/ORION/orion_ws/install/orion_description/share/orion_description/local_setup.bash
[0.054s] -- Up-to-date symlink: /home/akkibez/Documents/ORION/orion_ws/install/orion_description/share/orion_description/local_setup.sh
[0.054s] -- Up-to-date symlink: /home/akkibez/Documents/ORION/orion_ws/install/orion_description/share/orion_description/local_setup.zsh
[0.054s] -- Up-to-date symlink: /home/akkibez/Documents/ORION/orion_ws/install/orion_description/share/orion_description/local_setup.dsv
[0.054s] -- Symlinking: /home/akkibez/Documents/ORION/orion_ws/install/orion_description/share/orion_description/package.dsv
[0.061s] -- Up-to-date symlink: /home/akkibez/Documents/ORION/orion_ws/install/orion_description/share/ament_index/resource_index/packages/orion_description
[0.061s] -- Up-to-date symlink: /home/akkibez/Documents/ORION/orion_ws/install/orion_description/share/orion_description/cmake/orion_descriptionConfig.cmake
[0.061s] -- Up-to-date symlink: /home/akkibez/Documents/ORION/orion_ws/install/orion_description/share/orion_description/cmake/orion_descriptionConfig-version.cmake
[0.061s] -- Up-to-date symlink: /home/akkibez/Documents/ORION/orion_ws/install/orion_description/share/orion_description/package.xml
[0.062s] -- Up-to-date symlink: /home/akkibez/Documents/ORION/orion_ws/install/orion_description/share/orion_description/urdf/orion.urdf
[0.062s] -- Up-to-date symlink: /home/akkibez/Documents/ORION/orion_ws/install/orion_description/share/orion_description/xacro/orion.xacro
[0.062s] -- Up-to-date symlink: /home/akkibez/Documents/ORION/orion_ws/install/orion_description/share/orion_description/launch/display.launch.py
[0.064s] Invoked command in '/home/akkibez/Documents/ORION/orion_ws/build/orion_description' returned '0': CMAKE_PREFIX_PATH=${CMAKE_PREFIX_PATH}:/opt/ros/jazzy DEBUGINFOD_URLS=https://debuginfod.ubuntu.com /usr/bin/cmake --install /home/akkibez/Documents/ORION/orion_ws/build/orion_description
